<?xml version="1.0" encoding="UTF-8"?>
<!-- Generated by org.testng.reporters.JUnitReportReporter -->
<testsuite name="Ivyproject.validateBarTest" tests="1" time="0.117" ignored="0" failures="0" timestamp="26 Jun 2019 10:56:07 GMT" skipped="0" hostname="LT-1136" errors="0">
  <testcase name="navbar" time="0.117" classname="Ivyproject.validateBarTest"/>
</testsuite> <!-- Ivyproject.validateBarTest -->
