<?xml version="1.0" encoding="UTF-8"?>
<!-- Generated by org.testng.reporters.JUnitReportReporter -->
<testsuite name="Ivyproject.HomePageTest" tests="2" time="65.152" ignored="0" failures="0" timestamp="26 Jun 2019 10:56:07 GMT" skipped="0" hostname="LT-1136" errors="0">
  <testcase name="navigate" time="37.404" classname="Ivyproject.HomePageTest"/>
  <testcase name="navigate" time="27.748" classname="Ivyproject.HomePageTest"/>
</testsuite> <!-- Ivyproject.HomePageTest -->
