<?xml version="1.0" encoding="UTF-8"?>
<!-- Generated by org.testng.reporters.JUnitReportReporter -->
<testsuite name="Ivyproject.HomePageTest" tests="2" time="58.362" ignored="0" failures="0" timestamp="28 Jun 2019 07:04:34 GMT" skipped="0" hostname="LT-1136" errors="0">
  <testcase name="navigate" time="28.301" classname="Ivyproject.HomePageTest"/>
  <testcase name="navigate" time="30.061" classname="Ivyproject.HomePageTest"/>
</testsuite> <!-- Ivyproject.HomePageTest -->
