<?xml version="1.0" encoding="UTF-8"?>
<!-- Generated by org.testng.reporters.JUnitReportReporter -->
<testsuite name="Ivyproject.HomePageTest" tests="2" time="55.312" ignored="0" failures="0" timestamp="27 Jun 2019 09:50:55 GMT" skipped="0" hostname="LT-1136" errors="0">
  <testcase name="navigate" time="26.583" classname="Ivyproject.HomePageTest"/>
  <testcase name="navigate" time="28.729" classname="Ivyproject.HomePageTest"/>
</testsuite> <!-- Ivyproject.HomePageTest -->
