<?xml version="1.0" encoding="UTF-8"?>
<!-- Generated by org.testng.reporters.JUnitReportReporter -->
<testsuite name="Ivyproject.ValidateTitleTest" tests="1" time="0.749" ignored="0" failures="0" timestamp="27 Jun 2019 09:50:55 GMT" skipped="0" hostname="LT-1136" errors="0">
  <testcase name="titlename" time="0.749" classname="Ivyproject.ValidateTitleTest"/>
</testsuite> <!-- Ivyproject.ValidateTitleTest -->
